Assembler report for persona2
Fri Apr 20 11:52:27 2018
Quartus Prime Version 16.0.0 Build 211 04/27/2016 SJ Standard Edition


---------------------
; Table of Contents ;
---------------------
  1. Legal Notice
  2. Assembler Summary
  3. Assembler Settings
  4. Assembler Generated Files
  5. Assembler Device Options: G:/NIR2/output_files/persona2.sof
  6. Assembler Device Options: G:/NIR2/output_files/persona2.x1y1.msf
  7. Assembler Device Options: G:/NIR2/output_files/invariant.msf
  8. Assembler Messages



----------------
; Legal Notice ;
----------------
Copyright (C) 1991-2016 Altera Corporation. All rights reserved.
Your use of Altera Corporation's design tools, logic functions 
and other software and tools, and its AMPP partner logic 
functions, and any output files from any of the foregoing 
(including device programming or simulation files), and any 
associated documentation or information are expressly subject 
to the terms and conditions of the Altera Program License 
Subscription Agreement, the Altera Quartus Prime License Agreement,
the Altera MegaCore Function License Agreement, or other 
applicable license agreement, including, without limitation, 
that your use is for the sole purpose of programming logic 
devices manufactured by Altera and sold by Altera or its 
authorized distributors.  Please refer to the applicable 
agreement for further details.



+-----------------------------------------------------------+
; Assembler Summary                                         ;
+-----------------------+-----------------------------------+
; Assembler Status      ; Failed - Fri Apr 20 11:52:27 2018 ;
; Revision Name         ; persona2                          ;
; Top-level Entity Name ; top                               ;
; Family                ; Cyclone V                         ;
; Device                ; 5CSEMA5F31C6                      ;
+-----------------------+-----------------------------------+


+---------------------------------------------------------------------------------------------------------------+
; Assembler Settings                                                                                            ;
+-----------------------------------------------------------------------------+----------------+----------------+
; Option                                                                      ; Setting        ; Default Value  ;
+-----------------------------------------------------------------------------+----------------+----------------+
; Use smart compilation                                                       ; Off            ; Off            ;
; Enable parallel Assembler and TimeQuest Timing Analyzer during compilation  ; On             ; On             ;
; Enable compact report table                                                 ; Off            ; Off            ;
; Generate compressed bitstreams                                              ; On             ; On             ;
; Compression mode                                                            ; Off            ; Off            ;
; Clock source for configuration device                                       ; Internal       ; Internal       ;
; Clock frequency of the configuration device                                 ; 10 MHZ         ; 10 MHz         ;
; Divide clock frequency by                                                   ; 1              ; 1              ;
; Auto user code                                                              ; On             ; On             ;
; Configuration device                                                        ; Auto           ; Auto           ;
; Voltage output format                                                       ; Auto discovery ; Auto discovery ;
; Configuration device auto user code                                         ; Off            ; Off            ;
; Generate Tabular Text File (.ttf) For Target Device                         ; Off            ; Off            ;
; Generate Raw Binary File (.rbf) For Target Device                           ; Off            ; Off            ;
; Generate Hexadecimal (Intel-Format) Output File (.hexout) for Target Device ; Off            ; Off            ;
; Hexadecimal Output File start address                                       ; 0              ; 0              ;
; Hexadecimal Output File count direction                                     ; Up             ; Up             ;
; Release clears before tri-states                                            ; Off            ; Off            ;
; Auto-restart configuration after error                                      ; On             ; On             ;
; Enable OCT_DONE                                                             ; Off            ; Off            ;
; Use Checkered Pattern as Uninitialized RAM Content                          ; Off            ; Off            ;
; Enable autonomous PCIe HIP mode                                             ; Off            ; Off            ;
; Generate Serial Vector Format File (.svf) for Target Device                 ; Off            ; Off            ;
; Generate a JEDEC STAPL Format File (.jam) for Target Device                 ; Off            ; Off            ;
; Generate a compressed Jam STAPL Byte Code 2.0 File (.jbc) for Target Device ; Off            ; Off            ;
; Generate a compressed Jam STAPL Byte Code 2.0 File (.jbc) for Target Device ; On             ; On             ;
+-----------------------------------------------------------------------------+----------------+----------------+


+----------------------------------------+
; Assembler Generated Files              ;
+----------------------------------------+
; File Name                              ;
+----------------------------------------+
; G:/NIR2/output_files/persona2.sof      ;
; G:/NIR2/output_files/persona2.x1y1.msf ;
; G:/NIR2/output_files/invariant.msf     ;
+----------------------------------------+


+-------------------------------------------------------------+
; Assembler Device Options: G:/NIR2/output_files/persona2.sof ;
+----------------+--------------------------------------------+
; Option         ; Setting                                    ;
+----------------+--------------------------------------------+
; Device         ; 5CSEMA5F31C6                               ;
; JTAG usercode  ; 0x00B79AE4                                 ;
; Checksum       ; 0x00B79AE4                                 ;
+----------------+--------------------------------------------+


+------------------------------------------------------------------+
; Assembler Device Options: G:/NIR2/output_files/persona2.x1y1.msf ;
+------------------+-----------------------------------------------+
; Option           ; Setting                                       ;
+------------------+-----------------------------------------------+
; Device           ; 5CSEMA5F31C6                                  ;
; PR bitstream ID  ; -1302643093                                   ;
+------------------+-----------------------------------------------+


+--------------------------------------------------------------+
; Assembler Device Options: G:/NIR2/output_files/invariant.msf ;
+------------------+-------------------------------------------+
; Option           ; Setting                                   ;
+------------------+-------------------------------------------+
; Device           ; 5CSEMA5F31C6                              ;
; PR bitstream ID  ; -1302643093                               ;
+------------------+-------------------------------------------+


+--------------------+
; Assembler Messages ;
+--------------------+
Info: *******************************************************************
Info: Running Quartus Prime Assembler
    Info: Version 16.0.0 Build 211 04/27/2016 SJ Standard Edition
    Info: Processing started: Fri Apr 20 11:52:06 2018
Info: Command: quartus_asm --read_settings_files=on --write_settings_files=off top -c persona2
Warning (20013): Ignored 16 assignments for entity "reconf" -- entity does not exist in design
    Warning (20014): Assignment for entity set_global_assignment -name IP_TOOL_NAME alt_pr -entity reconf -sip reconf.sip -library lib_reconf was ignored
    Warning (20014): Assignment for entity set_global_assignment -name IP_TOOL_VERSION 16.0 -entity reconf -sip reconf.sip -library lib_reconf was ignored
    Warning (20014): Assignment for entity set_global_assignment -name IP_TOOL_ENV mwpim -entity reconf -sip reconf.sip -library lib_reconf was ignored
Warning (18236): Number of processors has not been specified which may cause overloading on shared machines.  Set the global assignment NUM_PARALLEL_PROCESSORS in your QSF to an appropriate value for best performance.
Critical Warning (115029): Partition "led_flash:led_flash_inst" was compiled when netlist type was set to Empty - the logic dependent on this partition will not operate as specified in the HDL
Error (16255): Static bit settings verification failed for core bits. 
Info (115030): Assembler is generating device programming files
Error: Quartus Prime Assembler was unsuccessful. 1 error, 6 warnings
    Error: Peak virtual memory: 1027 megabytes
    Error: Processing ended: Fri Apr 20 11:52:27 2018
    Error: Elapsed time: 00:00:21
    Error: Total CPU time (on all processors): 00:00:21


