Flow report for persona2
Fri Apr 20 11:52:27 2018
Quartus Prime Version 16.0.0 Build 211 04/27/2016 SJ Standard Edition


---------------------
; Table of Contents ;
---------------------
  1. Legal Notice
  2. Flow Summary
  3. Flow Settings
  4. Flow Non-Default Global Settings
  5. Flow Elapsed Time
  6. Flow OS Summary
  7. Flow Log
  8. Flow Messages
  9. Flow Suppressed Messages



----------------
; Legal Notice ;
----------------
Copyright (C) 1991-2016 Altera Corporation. All rights reserved.
Your use of Altera Corporation's design tools, logic functions 
and other software and tools, and its AMPP partner logic 
functions, and any output files from any of the foregoing 
(including device programming or simulation files), and any 
associated documentation or information are expressly subject 
to the terms and conditions of the Altera Program License 
Subscription Agreement, the Altera Quartus Prime License Agreement,
the Altera MegaCore Function License Agreement, or other 
applicable license agreement, including, without limitation, 
that your use is for the sole purpose of programming logic 
devices manufactured by Altera and sold by Altera or its 
authorized distributors.  Please refer to the applicable 
agreement for further details.



+-----------------------------------------------------------------------------------+
; Flow Summary                                                                      ;
+---------------------------------+-------------------------------------------------+
; Flow Status                     ; Assembler Failed - Fri Apr 20 11:52:27 2018     ;
; Quartus Prime Version           ; 16.0.0 Build 211 04/27/2016 SJ Standard Edition ;
; Revision Name                   ; persona2                                        ;
; Top-level Entity Name           ; top                                             ;
; Family                          ; Cyclone V                                       ;
; Device                          ; 5CSEMA5F31C6                                    ;
; Timing Models                   ; Final                                           ;
; Logic utilization (in ALMs)     ; 269 / 32,070 ( < 1 % )                          ;
; Total registers                 ; 253                                             ;
; Total pins                      ; 13 / 457 ( 3 % )                                ;
; Total virtual pins              ; 0                                               ;
; Total block memory bits         ; 0 / 4,065,280 ( 0 % )                           ;
; Total DSP Blocks                ; 0 / 87 ( 0 % )                                  ;
; Total HSSI RX PCSs              ; 0                                               ;
; Total HSSI PMA RX Deserializers ; 0                                               ;
; Total HSSI TX PCSs              ; 0                                               ;
; Total HSSI PMA TX Serializers   ; 0                                               ;
; Total PLLs                      ; 0 / 6 ( 0 % )                                   ;
; Total DLLs                      ; 0 / 4 ( 0 % )                                   ;
+---------------------------------+-------------------------------------------------+


+-----------------------------------------+
; Flow Settings                           ;
+-------------------+---------------------+
; Option            ; Setting             ;
+-------------------+---------------------+
; Start date & time ; 04/20/2018 11:46:19 ;
; Main task         ; Compilation         ;
; Revision Name     ; persona2            ;
+-------------------+---------------------+


+--------------------------------------------------------------------------------------------------------------------------------------+
; Flow Non-Default Global Settings                                                                                                     ;
+----------------------------------------+------------------------------------+---------------+-------------+--------------------------+
; Assignment Name                        ; Value                              ; Default Value ; Entity Name ; Section Id               ;
+----------------------------------------+------------------------------------+---------------+-------------+--------------------------+
; ALLOW_MULTIPLE_PERSONAS                ; On                                 ; --            ; top         ; led_flash:led_flash_inst ;
; BASE_REVISION                          ; top                                ; --            ; --          ; --                       ;
; BASE_REVISION_PROJECT_OUTPUT_DIRECTORY ; output_files                       ; --            ; --          ; --                       ;
; COMPILER_SIGNATURE_ID                  ; 35641970578780.152421397903944     ; --            ; --          ; --                       ;
; EDA_OUTPUT_DATA_FORMAT                 ; Verilog Hdl                        ; --            ; --          ; eda_simulation           ;
; EDA_SIMULATION_TOOL                    ; ModelSim-Altera (Verilog)          ; <None>        ; --          ; --                       ;
; EDA_TIME_SCALE                         ; 1 ps                               ; --            ; --          ; eda_simulation           ;
; INPUT_PERSONA                          ; persona/top.root_partition.persona ; --            ; top         ; Top                      ;
; MAX_CORE_JUNCTION_TEMP                 ; 85                                 ; --            ; --          ; --                       ;
; MIN_CORE_JUNCTION_TEMP                 ; 0                                  ; --            ; --          ; --                       ;
; MISC_FILE                              ; reconf.cmp                         ; --            ; --          ; --                       ;
; MISC_FILE                              ; reconf_sim/reconf.v                ; --            ; --          ; --                       ;
; MISC_FILE                              ; reconf_sim/alt_pr/alt_pr.v         ; --            ; --          ; --                       ;
; MISC_FILE                              ; reconfig.cmp                       ; --            ; --          ; --                       ;
; MISC_FILE                              ; reconfig_sim/reconfig.v            ; --            ; --          ; --                       ;
; MISC_FILE                              ; reconfig_sim/alt_pr/alt_pr.v       ; --            ; --          ; --                       ;
; OUTPUT_IO_TIMING_FAR_END_VMEAS         ; Half Signal Swing                  ; --            ; --          ; --                       ;
; OUTPUT_IO_TIMING_FAR_END_VMEAS         ; Half Signal Swing                  ; --            ; --          ; --                       ;
; OUTPUT_IO_TIMING_NEAR_END_VMEAS        ; Half Vccio                         ; --            ; --          ; --                       ;
; OUTPUT_IO_TIMING_NEAR_END_VMEAS        ; Half Vccio                         ; --            ; --          ; --                       ;
; PARTITION_COLOR                        ; 39423                              ; --            ; top         ; led_flash:led_flash_inst ;
; PARTITION_COLOR                        ; 16764057                           ; --            ; top         ; Top                      ;
; PARTITION_FITTER_PRESERVATION_LEVEL    ; PLACEMENT_AND_ROUTING              ; --            ; top         ; led_flash:led_flash_inst ;
; PARTITION_FITTER_PRESERVATION_LEVEL    ; PLACEMENT_AND_ROUTING              ; --            ; top         ; Top                      ;
; PARTITION_NETLIST_TYPE                 ; EMPTY                              ; --            ; top         ; led_flash:led_flash_inst ;
; PARTITION_NETLIST_TYPE                 ; SOURCE                             ; --            ; top         ; Top                      ;
; PROJECT_OUTPUT_DIRECTORY               ; output_files                       ; --            ; --          ; --                       ;
; REVISION_TYPE                          ; Reconfigurable                     ; Base          ; --          ; --                       ;
; SPD_FILE                               ; reconf.spd                         ; --            ; --          ; --                       ;
; SPD_FILE                               ; reconfig.spd                       ; --            ; --          ; --                       ;
; SYNTHESIS_ONLY_QIP                     ; On                                 ; --            ; --          ; --                       ;
; SYNTHESIS_ONLY_QIP                     ; On                                 ; --            ; --          ; --                       ;
; TOP_LEVEL_ENTITY                       ; top                                ; persona2      ; --          ; --                       ;
+----------------------------------------+------------------------------------+---------------+-------------+--------------------------+


+--------------------------------------------------------------------------------------------------------------------------+
; Flow Elapsed Time                                                                                                        ;
+----------------------+--------------+-------------------------+---------------------+------------------------------------+
; Module Name          ; Elapsed Time ; Average Processors Used ; Peak Virtual Memory ; Total CPU Time (on all processors) ;
+----------------------+--------------+-------------------------+---------------------+------------------------------------+
; Analysis & Synthesis ; 00:00:56     ; 1.0                     ; 968 MB              ; 00:01:50                           ;
; Partition Merge      ; 00:00:04     ; 1.0                     ; 961 MB              ; 00:00:04                           ;
; Fitter               ; 00:01:43     ; 1.0                     ; 2910 MB             ; 00:02:05                           ;
; Assembler            ; 00:00:21     ; 1.0                     ; 1024 MB             ; 00:00:20                           ;
; Assembler            ; 00:00:21     ; 1.0                     ; 1026 MB             ; 00:00:21                           ;
; Total                ; 00:03:25     ; --                      ; --                  ; 00:04:40                           ;
+----------------------+--------------+-------------------------+---------------------+------------------------------------+


+-----------------------------------------------------------------------------------+
; Flow OS Summary                                                                   ;
+----------------------+------------------+-----------+------------+----------------+
; Module Name          ; Machine Hostname ; OS Name   ; OS Version ; Processor type ;
+----------------------+------------------+-----------+------------+----------------+
; Analysis & Synthesis ; Computer         ; Windows 8 ; 6.2        ; x86_64         ;
; Partition Merge      ; Computer         ; Windows 8 ; 6.2        ; x86_64         ;
; Fitter               ; Computer         ; Windows 8 ; 6.2        ; x86_64         ;
; Assembler            ; Computer         ; Windows 8 ; 6.2        ; x86_64         ;
; Assembler            ; Computer         ; Windows 8 ; 6.2        ; x86_64         ;
+----------------------+------------------+-----------+------------+----------------+


------------
; Flow Log ;
------------
quartus_map --read_settings_files=on --write_settings_files=off top -c persona2
quartus_cdb --read_settings_files=off --write_settings_files=off top -c persona2 --merge=on
quartus_fit --read_settings_files=off --write_settings_files=off top -c persona2
quartus_asm --read_settings_files=off --write_settings_files=off top -c persona2
quartus_asm --read_settings_files=on --write_settings_files=off top -c persona2



