Flow report for top
Fri Apr 20 18:47:57 2018
Quartus Prime Version 16.0.0 Build 211 04/27/2016 SJ Standard Edition


---------------------
; Table of Contents ;
---------------------
  1. Legal Notice
  2. Flow Summary
  3. Flow Settings
  4. Flow Non-Default Global Settings
  5. Flow Elapsed Time
  6. Flow OS Summary
  7. Flow Log
  8. Flow Messages
  9. Flow Suppressed Messages



----------------
; Legal Notice ;
----------------
Copyright (C) 1991-2016 Altera Corporation. All rights reserved.
Your use of Altera Corporation's design tools, logic functions 
and other software and tools, and its AMPP partner logic 
functions, and any output files from any of the foregoing 
(including device programming or simulation files), and any 
associated documentation or information are expressly subject 
to the terms and conditions of the Altera Program License 
Subscription Agreement, the Altera Quartus Prime License Agreement,
the Altera MegaCore Function License Agreement, or other 
applicable license agreement, including, without limitation, 
that your use is for the sole purpose of programming logic 
devices manufactured by Altera and sold by Altera or its 
authorized distributors.  Please refer to the applicable 
agreement for further details.



+-----------------------------------------------------------------------------------+
; Flow Summary                                                                      ;
+---------------------------------+-------------------------------------------------+
; Flow Status                     ; Successful - Fri Apr 20 18:47:57 2018           ;
; Quartus Prime Version           ; 16.0.0 Build 211 04/27/2016 SJ Standard Edition ;
; Revision Name                   ; top                                             ;
; Top-level Entity Name           ; top                                             ;
; Family                          ; Cyclone V                                       ;
; Device                          ; 5CSEMA5F31C6                                    ;
; Timing Models                   ; Final                                           ;
; Logic utilization (in ALMs)     ; 247 / 32,070 ( < 1 % )                          ;
; Total registers                 ; 294                                             ;
; Total pins                      ; 14 / 457 ( 3 % )                                ;
; Total virtual pins              ; 0                                               ;
; Total block memory bits         ; 0 / 4,065,280 ( 0 % )                           ;
; Total DSP Blocks                ; 0 / 87 ( 0 % )                                  ;
; Total HSSI RX PCSs              ; 0                                               ;
; Total HSSI PMA RX Deserializers ; 0                                               ;
; Total HSSI TX PCSs              ; 0                                               ;
; Total HSSI PMA TX Serializers   ; 0                                               ;
; Total PLLs                      ; 0 / 6 ( 0 % )                                   ;
; Total DLLs                      ; 0 / 4 ( 0 % )                                   ;
+---------------------------------+-------------------------------------------------+


+-----------------------------------------+
; Flow Settings                           ;
+-------------------+---------------------+
; Option            ; Setting             ;
+-------------------+---------------------+
; Start date & time ; 04/20/2018 16:49:16 ;
; Main task         ; Compilation         ;
; Revision Name     ; top                 ;
+-------------------+---------------------+


+-------------------------------------------------------------------------------------------------------------------------------+
; Flow Non-Default Global Settings                                                                                              ;
+-------------------------------------+--------------------------------+---------------+-------------+--------------------------+
; Assignment Name                     ; Value                          ; Default Value ; Entity Name ; Section Id               ;
+-------------------------------------+--------------------------------+---------------+-------------+--------------------------+
; ALLOW_MULTIPLE_PERSONAS             ; On                             ; --            ; --          ; led_flash:led_flash_inst ;
; COMPILER_SIGNATURE_ID               ; 35641970578780.152423215606440 ; --            ; --          ; --                       ;
; EDA_OUTPUT_DATA_FORMAT              ; Verilog Hdl                    ; --            ; --          ; eda_simulation           ;
; EDA_SIMULATION_TOOL                 ; ModelSim-Altera (Verilog)      ; <None>        ; --          ; --                       ;
; EDA_TIME_SCALE                      ; 1 ps                           ; --            ; --          ; eda_simulation           ;
; MAX_CORE_JUNCTION_TEMP              ; 85                             ; --            ; --          ; --                       ;
; MIN_CORE_JUNCTION_TEMP              ; 0                              ; --            ; --          ; --                       ;
; MISC_FILE                           ; reconf.cmp                     ; --            ; --          ; --                       ;
; MISC_FILE                           ; reconf_sim/reconf.v            ; --            ; --          ; --                       ;
; MISC_FILE                           ; reconf_sim/alt_pr/alt_pr.v     ; --            ; --          ; --                       ;
; MISC_FILE                           ; reconfig.cmp                   ; --            ; --          ; --                       ;
; MISC_FILE                           ; reconfig_sim/reconfig.v        ; --            ; --          ; --                       ;
; MISC_FILE                           ; reconfig_sim/alt_pr/alt_pr.v   ; --            ; --          ; --                       ;
; OUTPUT_IO_TIMING_FAR_END_VMEAS      ; Half Signal Swing              ; --            ; --          ; --                       ;
; OUTPUT_IO_TIMING_FAR_END_VMEAS      ; Half Signal Swing              ; --            ; --          ; --                       ;
; OUTPUT_IO_TIMING_NEAR_END_VMEAS     ; Half Vccio                     ; --            ; --          ; --                       ;
; OUTPUT_IO_TIMING_NEAR_END_VMEAS     ; Half Vccio                     ; --            ; --          ; --                       ;
; PARTITION_COLOR                     ; 39423                          ; --            ; --          ; led_flash:led_flash_inst ;
; PARTITION_COLOR                     ; 16764057                       ; --            ; --          ; Top                      ;
; PARTITION_FITTER_PRESERVATION_LEVEL ; PLACEMENT_AND_ROUTING          ; --            ; --          ; led_flash:led_flash_inst ;
; PARTITION_FITTER_PRESERVATION_LEVEL ; PLACEMENT_AND_ROUTING          ; --            ; --          ; Top                      ;
; PARTITION_NETLIST_TYPE              ; POST_SYNTH                     ; --            ; --          ; led_flash:led_flash_inst ;
; PARTITION_NETLIST_TYPE              ; SOURCE                         ; --            ; --          ; Top                      ;
; PROJECT_OUTPUT_DIRECTORY            ; output_files                   ; --            ; --          ; --                       ;
; RECONFIGURABLE_REVISION             ; persona1                       ; --            ; --          ; --                       ;
; RECONFIGURABLE_REVISION             ; person                         ; --            ; --          ; --                       ;
; SPD_FILE                            ; reconf.spd                     ; --            ; --          ; --                       ;
; SPD_FILE                            ; reconfig.spd                   ; --            ; --          ; --                       ;
; SYNTHESIS_ONLY_QIP                  ; On                             ; --            ; --          ; --                       ;
; SYNTHESIS_ONLY_QIP                  ; On                             ; --            ; --          ; --                       ;
+-------------------------------------+--------------------------------+---------------+-------------+--------------------------+


+-------------------------------------------------------------------------------------------------------------------------------+
; Flow Elapsed Time                                                                                                             ;
+---------------------------+--------------+-------------------------+---------------------+------------------------------------+
; Module Name               ; Elapsed Time ; Average Processors Used ; Peak Virtual Memory ; Total CPU Time (on all processors) ;
+---------------------------+--------------+-------------------------+---------------------+------------------------------------+
; Analysis & Synthesis      ; 00:00:46     ; 1.0                     ; 968 MB              ; 00:01:34                           ;
; Partition Merge           ; 00:00:01     ; 1.0                     ; 835 MB              ; 00:00:02                           ;
; Fitter                    ; 00:00:34     ; 1.0                     ; 1888 MB             ; 00:00:49                           ;
; Analysis & Synthesis      ; 00:00:46     ; 1.0                     ; 970 MB              ; 00:01:36                           ;
; Partition Merge           ; 00:00:01     ; 1.0                     ; 837 MB              ; 00:00:01                           ;
; Fitter                    ; 00:04:38     ; 1.0                     ; 2941 MB             ; 00:09:02                           ;
; Assembler                 ; 00:00:18     ; 1.0                     ; 1013 MB             ; 00:00:18                           ;
; TimeQuest Timing Analyzer ; 00:00:15     ; 1.1                     ; 1437 MB             ; 00:00:16                           ;
; EDA Netlist Writer        ; 00:00:04     ; 1.0                     ; 833 MB              ; 00:00:04                           ;
; Analysis & Synthesis      ; 00:00:49     ; 1.0                     ; 972 MB              ; 00:01:39                           ;
; Partition Merge           ; 00:00:02     ; 1.0                     ; 836 MB              ; 00:00:02                           ;
; Fitter                    ; 00:05:25     ; 1.0                     ; 2951 MB             ; 00:09:57                           ;
; Assembler                 ; 00:00:19     ; 1.0                     ; 1012 MB             ; 00:00:19                           ;
; TimeQuest Timing Analyzer ; 00:00:17     ; 1.1                     ; 1438 MB             ; 00:00:18                           ;
; EDA Netlist Writer        ; 00:00:04     ; 1.0                     ; 835 MB              ; 00:00:04                           ;
; Analysis & Synthesis      ; 00:00:48     ; 1.0                     ; 972 MB              ; 00:01:36                           ;
; Partition Merge           ; 00:00:02     ; 1.0                     ; 836 MB              ; 00:00:02                           ;
; Fitter                    ; 00:05:02     ; 1.0                     ; 2942 MB             ; 00:09:26                           ;
; Assembler                 ; 00:00:21     ; 1.0                     ; 1016 MB             ; 00:00:20                           ;
; TimeQuest Timing Analyzer ; 00:00:19     ; 1.1                     ; 1440 MB             ; 00:00:18                           ;
; EDA Netlist Writer        ; 00:00:04     ; 1.0                     ; 836 MB              ; 00:00:04                           ;
; Total                     ; 00:20:55     ; --                      ; --                  ; 00:37:47                           ;
+---------------------------+--------------+-------------------------+---------------------+------------------------------------+


+----------------------------------------------------------------------------------------+
; Flow OS Summary                                                                        ;
+---------------------------+------------------+-----------+------------+----------------+
; Module Name               ; Machine Hostname ; OS Name   ; OS Version ; Processor type ;
+---------------------------+------------------+-----------+------------+----------------+
; Analysis & Synthesis      ; Computer         ; Windows 8 ; 6.2        ; x86_64         ;
; Partition Merge           ; Computer         ; Windows 8 ; 6.2        ; x86_64         ;
; Fitter                    ; Computer         ; Windows 8 ; 6.2        ; x86_64         ;
; Analysis & Synthesis      ; Computer         ; Windows 8 ; 6.2        ; x86_64         ;
; Partition Merge           ; Computer         ; Windows 8 ; 6.2        ; x86_64         ;
; Fitter                    ; Computer         ; Windows 8 ; 6.2        ; x86_64         ;
; Assembler                 ; Computer         ; Windows 8 ; 6.2        ; x86_64         ;
; TimeQuest Timing Analyzer ; Computer         ; Windows 8 ; 6.2        ; x86_64         ;
; EDA Netlist Writer        ; Computer         ; Windows 8 ; 6.2        ; x86_64         ;
; Analysis & Synthesis      ; Computer         ; Windows 8 ; 6.2        ; x86_64         ;
; Partition Merge           ; Computer         ; Windows 8 ; 6.2        ; x86_64         ;
; Fitter                    ; Computer         ; Windows 8 ; 6.2        ; x86_64         ;
; Assembler                 ; Computer         ; Windows 8 ; 6.2        ; x86_64         ;
; TimeQuest Timing Analyzer ; Computer         ; Windows 8 ; 6.2        ; x86_64         ;
; EDA Netlist Writer        ; Computer         ; Windows 8 ; 6.2        ; x86_64         ;
; Analysis & Synthesis      ; Computer         ; Windows 8 ; 6.2        ; x86_64         ;
; Partition Merge           ; Computer         ; Windows 8 ; 6.2        ; x86_64         ;
; Fitter                    ; Computer         ; Windows 8 ; 6.2        ; x86_64         ;
; Assembler                 ; Computer         ; Windows 8 ; 6.2        ; x86_64         ;
; TimeQuest Timing Analyzer ; Computer         ; Windows 8 ; 6.2        ; x86_64         ;
; EDA Netlist Writer        ; Computer         ; Windows 8 ; 6.2        ; x86_64         ;
+---------------------------+------------------+-----------+------------+----------------+


------------
; Flow Log ;
------------
quartus_map --read_settings_files=on --write_settings_files=off top -c top
quartus_cdb --read_settings_files=off --write_settings_files=off top -c top --merge=on
quartus_fit --read_settings_files=off --write_settings_files=off top -c top
quartus_map --read_settings_files=on --write_settings_files=off top -c top
quartus_cdb --read_settings_files=off --write_settings_files=off top -c top --merge=on
quartus_fit --read_settings_files=off --write_settings_files=off top -c top
quartus_asm --read_settings_files=off --write_settings_files=off top -c top
quartus_sta top -c top
quartus_eda --read_settings_files=off --write_settings_files=off top -c top
quartus_map --read_settings_files=on --write_settings_files=off top -c top
quartus_cdb --read_settings_files=off --write_settings_files=off top -c top --merge=on
quartus_fit --read_settings_files=off --write_settings_files=off top -c top
quartus_asm --read_settings_files=off --write_settings_files=off top -c top
quartus_sta top -c top
quartus_eda --read_settings_files=off --write_settings_files=off top -c top
quartus_map --read_settings_files=on --write_settings_files=off top -c top
quartus_cdb --read_settings_files=off --write_settings_files=off top -c top --merge=on
quartus_fit --read_settings_files=off --write_settings_files=off top -c top
quartus_asm --read_settings_files=off --write_settings_files=off top -c top
quartus_sta top -c top
quartus_eda --read_settings_files=off --write_settings_files=off top -c top



